<?xml version="1.0" encoding="UTF-8"?>
<testng-results total="1" passed="1" failed="0" skipped="0">
  <reporter-output>
  </reporter-output>
  <suite started-at="2020-03-20T10:48:57Z" name="Suite" finished-at="2020-03-20T10:49:39Z" duration-ms="42286">
    <groups>
    </groups>
    <test started-at="2020-03-20T10:48:57Z" name="Test" finished-at="2020-03-20T10:49:39Z" duration-ms="42286">
      <class name="Appium.Appium.Demotest">
        <test-method signature="test()[pri:0, instance:Appium.Appium.Demotest@45099dd3]" started-at="2020-03-20T16:18:57Z" name="test" finished-at="2020-03-20T16:19:39Z" duration-ms="42274" status="PASS">
          <reporter-output>
          </reporter-output>
        </test-method> <!-- test -->
      </class> <!-- Appium.Appium.Demotest -->
    </test> <!-- Test -->
  </suite> <!-- Suite -->
</testng-results>
